<?xml version="1.0" encoding="UTF-8"?>
<!-- Generated by org.testng.reporters.JUnitXMLReporter -->
<testsuite ignored="0" hostname="AT-R9" failures="0" tests="2" name="Test" time="0.068" errors="0" timestamp="12 Apr 2018 12:23:38 GMT">
  <testcase classname="parallel.par" name="@BeforeTest openBrowser" time="0.0">
    <failure type="org.testng.TestNGException" message="
Parameter &amp;apos;browser&amp;apos; is required by BeforeTest on method openBrowser but has not been marked @Optional or defined
in D:\parallel\testng.xml">
      <![CDATA[org.testng.TestNGException: 
Parameter 'browser' is required by BeforeTest on method openBrowser but has not been marked @Optional or defined
in D:\parallel\testng.xml
... Removed 21 stack frames]]>
    </failure>
  </testcase> <!-- @BeforeTest openBrowser -->
  <testcase classname="parallel.par" name="@AfterTest closeBrowser" time="0.0">
    <skipped/>
  </testcase> <!-- @AfterTest closeBrowser -->
  <testcase classname="parallel.par" name="login_TestCase" time="0.0">
    <skipped/>
  </testcase> <!-- login_TestCase -->
  <testcase classname="parallel.par" name="search_TestCase" time="0.0">
    <skipped/>
  </testcase> <!-- search_TestCase -->
</testsuite> <!-- Test -->
